\BOOKMARK [0][-]{Doc-Start}{Title page}{}% 1
\BOOKMARK [0][-]{Doc-Start}{Contents}{}% 2
\BOOKMARK [0][-]{chapter.1}{Introduction}{}% 3
\BOOKMARK [1][-]{section.1.1}{A brief history of superfluidity}{chapter.1}% 4
\BOOKMARK [1][-]{section.1.2}{Some key concepts}{chapter.1}% 5
\BOOKMARK [2][-]{subsection.1.2.1}{Bose-Einstein condensation and long-range order}{section.1.2}% 6
\BOOKMARK [2][-]{subsection.1.2.2}{Bogolyubov's approximation and the order parameter}{section.1.2}% 7
\BOOKMARK [2][-]{subsection.1.2.3}{Landau's criterion for superfluidity}{section.1.2}% 8
\BOOKMARK [2][-]{subsection.1.2.4}{Rotation and vorticity in superfluids}{section.1.2}% 9
\BOOKMARK [1][-]{section.1.3}{Helium droplets}{chapter.1}% 10
\BOOKMARK [1][-]{section.1.4}{Structure of the thesis}{chapter.1}% 11
\BOOKMARK [2][-]{subsection.1.4.1}{Part I: Excited state dynamics}{section.1.4}% 12
\BOOKMARK [2][-]{subsection.1.4.2}{Part II: Collisions and capture by quantised vortices}{section.1.4}% 13
\BOOKMARK [0][-]{chapter.2}{The DFT method for heavy impurities}{}% 14
\BOOKMARK [1][-]{section.2.1}{The Kohn\205Sham approach}{chapter.2}% 15
\BOOKMARK [1][-]{section.2.2}{The Orsay\205Trento Density Functional}{chapter.2}% 16
\BOOKMARK [2][-]{subsection.2.2.1}{The Solid-OT Density Functional}{section.2.2}% 17
\BOOKMARK [1][-]{section.2.3}{Static calculations}{chapter.2}% 18
\BOOKMARK [2][-]{subsection.2.3.1}{Producing vortical states}{section.2.3}% 19
\BOOKMARK [1][-]{section.2.4}{Dynamic calculations}{chapter.2}% 20
\BOOKMARK [2][-]{subsection.2.4.1}{The DIM model}{section.2.4}% 21
\BOOKMARK [2][-]{subsection.2.4.2}{Including spin-orbit coupling}{section.2.4}% 22
\BOOKMARK [-1][-]{part.1}{I Photo-excitation dynamics of alkalis}{}% 23
\BOOKMARK [0][-]{chapter.3}{Introduction}{part.1}% 24
\BOOKMARK [1][-]{section.3.1}{Imaging Excited-State Dynamics}{chapter.3}% 25
\BOOKMARK [1][-]{section.3.2}{Desorption dynamics of RbHe-exciplexes}{chapter.3}% 26
\BOOKMARK [1][-]{section.3.3}{Supervised work: potassium-dopednanodroplets}{chapter.3}% 27
\BOOKMARK [0][-]{chapter.4}{Results}{part.1}% 28
\BOOKMARK [1][-]{section.4.1}{Imaging Excited-State Dynamics}{chapter.4}% 29
\BOOKMARK [1][-]{section.4.2}{Desorption dynamics of RbHe exciplexes}{chapter.4}% 30
\BOOKMARK [-1][-]{part.2}{II Head-on collisions and capture by quantised vortices}{}% 31
\BOOKMARK [0][-]{chapter.5}{Introduction}{part.2}% 32
\BOOKMARK [1][-]{section.5.1}{Head-on collisions}{chapter.5}% 33
\BOOKMARK [1][-]{section.5.2}{Capture by quantised vortices}{chapter.5}% 34
\BOOKMARK [0][-]{chapter.6}{Results}{part.2}% 35
\BOOKMARK [1][-]{section.6.1}{Head-on collisions}{chapter.6}% 36
\BOOKMARK [1][-]{section.6.2}{Capture by quantised vortices}{chapter.6}% 37
\BOOKMARK [0][-]{chapter.7}{Conclusions \046 Outlook}{part.2}% 38
\BOOKMARK [0][-]{chapter.7}{Bibliography}{part.2}% 39
