\BOOKMARK [0][-]{chapter.2}{The\040DFT\040method\040for\040heavy\040impurities}{}% 15
\BOOKMARK [1][-]{section.2.1}{The\040Kohn-Sham\040approach}{chapter.2}% 16
\BOOKMARK [1][-]{section.2.2}{Time-dependent\040DFT}{chapter.2}% 17
\BOOKMARK [1][-]{section.2.3}{The\040Orsay-Trento\040Density\040Functional}{chapter.2}% 18
\BOOKMARK [1][-]{section.2.4}{The\040Solid-OT\040Density\040Functional}{chapter.2}% 19
\BOOKMARK [1][-]{section.2.5}{Static\040calculations}{chapter.2}% 20
\BOOKMARK [2][-]{subsection.2.5.1}{Producing\040vortical\040states}{section.2.5}% 21
\BOOKMARK [2][-]{subsection.2.5.2}{Technical\040details\040on\040how\040the\040static\040equations\040are\040solved}{section.2.5}% 22
\BOOKMARK [1][-]{section.2.6}{Dynamic\040calculations}{chapter.2}% 23
\BOOKMARK [2][-]{subsection.2.6.1}{Diatomics\040in\040Molecules}{section.2.6}% 24
\BOOKMARK [2][-]{subsection.2.6.2}{Including\040spin-orbit\040coupling}{section.2.6}% 25
\BOOKMARK [2][-]{subsection.2.6.3}{Absorbing\040potential\040at\040the\040box\040boundaries}{section.2.6}% 26
\BOOKMARK [2][-]{subsection.2.6.4}{Technical\040details\040on\040how\040the\040dynamic\040equations\040are\040solved}{section.2.6}% 27
\BOOKMARK [-1][-]{part.1}{Photo-excitation\040dynamics\040of\040alkalis}{}% 28
\BOOKMARK [-1][-]{part.2}{Capture\040by\040quantised\040vortices}{}% 30
\BOOKMARK [0][-]{chapter.7}{Quantised\040vortices\040in\040droplets}{part.2}% 31
\BOOKMARK [0][-]{chapter.8}{Head-on\040collisions\040of\040Xe\040and\040CsPublished\040work,\040see:\040F.\040Coppens,\040A.\040Leal,\040M.\040Barranco\040et\040al,\040J\040Low\040Temp\040Phys\040187,\040439\040\(2017\).}{part.2}% 32
\BOOKMARK [1][-]{section.8.1}{Introduction}{chapter.8}% 33
\BOOKMARK [1][-]{section.8.2}{Results}{chapter.8}% 34
\BOOKMARK [0][-]{chapter.9}{Capture by He droplets hosting quantised vorticesPublished work, see: F. Coppens, F. Ancilotto, M. Barranco et al, Phys. Chem. Chem. Phys. 19, 24805–2481 \(2017\).}{part.2}% 35
\BOOKMARK [1][-]{section.9.1}{Introduction}{chapter.9}% 36
\BOOKMARK [1][-]{section.9.2}{Xe\040capture\040by\040vortex-free\040droplets}{chapter.9}% 37
\BOOKMARK [1][-]{section.9.3}{Helium\040droplets\040hosting\040vortex\040lines}{chapter.9}% 38
\BOOKMARK [1][-]{section.9.4}{Dynamics\040of\040Xe\040and\040Ar\040capture\040by\040vortex\040lines}{chapter.9}% 39
\BOOKMARK [1][-]{section.9.5}{Vortex\040arrays\040in\0404He\040droplets\040doped\040with\040Ar\040atoms}{chapter.9}% 40
